[2019-10-09 10:23:20.645] [exthost] [info] extension host started
[2019-10-09 10:23:20.681] [exthost] [info] ExtensionService#_doActivateExtension vscode.python {"startup":false,"activationEvent":"onLanguage:python"}
[2019-10-09 10:23:20.681] [exthost] [info] ExtensionService#loadCommonJSModule file:///usr/lib/code/extensions/python/dist/pythonMain
[2019-10-09 10:23:20.683] [exthost] [info] ExtensionService#_doActivateExtension vscode.debug-auto-launch {"startup":true,"activationEvent":"*"}
[2019-10-09 10:23:20.683] [exthost] [info] ExtensionService#loadCommonJSModule file:///usr/lib/code/extensions/debug-auto-launch/dist/extension
[2019-10-09 10:23:20.686] [exthost] [info] ExtensionService#_doActivateExtension vscode.emmet {"startup":true,"activationEvent":"*"}
[2019-10-09 10:23:20.686] [exthost] [info] ExtensionService#loadCommonJSModule file:///usr/lib/code/extensions/emmet/dist/extension
[2019-10-09 10:23:20.721] [exthost] [info] ExtensionService#_doActivateExtension vscode.git {"startup":true,"activationEvent":"*"}
[2019-10-09 10:23:20.721] [exthost] [info] ExtensionService#loadCommonJSModule file:///usr/lib/code/extensions/git/dist/main
[2019-10-09 10:23:20.797] [exthost] [info] ExtensionService#_doActivateExtension vscode.merge-conflict {"startup":true,"activationEvent":"*"}
[2019-10-09 10:23:20.797] [exthost] [info] ExtensionService#loadCommonJSModule file:///usr/lib/code/extensions/merge-conflict/dist/extension
[2019-10-09 10:23:20.802] [exthost] [info] ExtensionService#_doActivateExtension WakaTime.vscode-wakatime {"startup":true,"activationEvent":"*"}
[2019-10-09 10:23:20.802] [exthost] [info] ExtensionService#loadCommonJSModule file:///home/asq/.vscode-oss/extensions/wakatime.vscode-wakatime-2.2.0/dist/extension
[2019-10-09 10:23:20.881] [exthost] [info] eager extensions activated
[2019-10-09 10:26:05.537] [exthost] [info] ExtensionService#_doActivateExtension vscode.extension-editing {"startup":false,"activationEvent":"onLanguage:markdown"}
[2019-10-09 10:26:05.537] [exthost] [info] ExtensionService#loadCommonJSModule file:///usr/lib/code/extensions/extension-editing/dist/extension
[2019-10-09 10:26:05.571] [exthost] [info] ExtensionService#_doActivateExtension vscode.markdown-language-features {"startup":false,"activationEvent":"onLanguage:markdown"}
[2019-10-09 10:26:05.571] [exthost] [info] ExtensionService#loadCommonJSModule file:///usr/lib/code/extensions/markdown-language-features/dist/extension
[2019-10-09 11:18:41.982] [exthost] [info] ExtensionService#_doActivateExtension vscode.html-language-features {"startup":false,"activationEvent":"onLanguage:html"}
[2019-10-09 11:18:41.982] [exthost] [info] ExtensionService#loadCommonJSModule file:///usr/lib/code/extensions/html-language-features/client/dist/htmlMain
